Apache Maven 3.8.6 (84538c9988a25aec085021c365c560670ad80f63)
Maven home: C:\Users\1950x\.m2\wrapper\dists\apache-maven-3.8.6-bin\1ks0nkde5v1pk9vtc31i9d0lcd\apache-maven-3.8.6
Java version: 17.0.5, vendor: Eclipse Adoptium, runtime: C:\JDK\17
Default locale: ko_KR, platform encoding: MS949
OS name: "windows 10", version: "10.0", arch: "amd64", family: "windows"
[DEBUG] Created new class realm maven.api
[DEBUG] Importing foreign packages into class realm maven.api
[DEBUG]   Imported: javax.annotation.* < plexus.core
[DEBUG]   Imported: javax.annotation.security.* < plexus.core
[DEBUG]   Imported: javax.inject.* < plexus.core
[DEBUG]   Imported: org.apache.maven.* < plexus.core
[DEBUG]   Imported: org.apache.maven.artifact < plexus.core
[DEBUG]   Imported: org.apache.maven.classrealm < plexus.core
[DEBUG]   Imported: org.apache.maven.cli < plexus.core
[DEBUG]   Imported: org.apache.maven.configuration < plexus.core
[DEBUG]   Imported: org.apache.maven.exception < plexus.core
[DEBUG]   Imported: org.apache.maven.execution < plexus.core
[DEBUG]   Imported: org.apache.maven.execution.scope < plexus.core
[DEBUG]   Imported: org.apache.maven.lifecycle < plexus.core
[DEBUG]   Imported: org.apache.maven.model < plexus.core
[DEBUG]   Imported: org.apache.maven.monitor < plexus.core
[DEBUG]   Imported: org.apache.maven.plugin < plexus.core
[DEBUG]   Imported: org.apache.maven.profiles < plexus.core
[DEBUG]   Imported: org.apache.maven.project < plexus.core
[DEBUG]   Imported: org.apache.maven.reporting < plexus.core
[DEBUG]   Imported: org.apache.maven.repository < plexus.core
[DEBUG]   Imported: org.apache.maven.rtinfo < plexus.core
[DEBUG]   Imported: org.apache.maven.settings < plexus.core
[DEBUG]   Imported: org.apache.maven.toolchain < plexus.core
[DEBUG]   Imported: org.apache.maven.usability < plexus.core
[DEBUG]   Imported: org.apache.maven.wagon.* < plexus.core
[DEBUG]   Imported: org.apache.maven.wagon.authentication < plexus.core
[DEBUG]   Imported: org.apache.maven.wagon.authorization < plexus.core
[DEBUG]   Imported: org.apache.maven.wagon.events < plexus.core
[DEBUG]   Imported: org.apache.maven.wagon.observers < plexus.core
[DEBUG]   Imported: org.apache.maven.wagon.proxy < plexus.core
[DEBUG]   Imported: org.apache.maven.wagon.repository < plexus.core
[DEBUG]   Imported: org.apache.maven.wagon.resource < plexus.core
[DEBUG]   Imported: org.codehaus.classworlds < plexus.core
[DEBUG]   Imported: org.codehaus.plexus.* < plexus.core
[DEBUG]   Imported: org.codehaus.plexus.classworlds < plexus.core
[DEBUG]   Imported: org.codehaus.plexus.component < plexus.core
[DEBUG]   Imported: org.codehaus.plexus.configuration < plexus.core
[DEBUG]   Imported: org.codehaus.plexus.container < plexus.core
[DEBUG]   Imported: org.codehaus.plexus.context < plexus.core
[DEBUG]   Imported: org.codehaus.plexus.lifecycle < plexus.core
[DEBUG]   Imported: org.codehaus.plexus.logging < plexus.core
[DEBUG]   Imported: org.codehaus.plexus.personality < plexus.core
[DEBUG]   Imported: org.codehaus.plexus.util.xml.Xpp3Dom < plexus.core
[DEBUG]   Imported: org.codehaus.plexus.util.xml.pull.XmlPullParser < plexus.core
[DEBUG]   Imported: org.codehaus.plexus.util.xml.pull.XmlPullParserException < plexus.core
[DEBUG]   Imported: org.codehaus.plexus.util.xml.pull.XmlSerializer < plexus.core
[DEBUG]   Imported: org.eclipse.aether.* < plexus.core
[DEBUG]   Imported: org.eclipse.aether.artifact < plexus.core
[DEBUG]   Imported: org.eclipse.aether.collection < plexus.core
[DEBUG]   Imported: org.eclipse.aether.deployment < plexus.core
[DEBUG]   Imported: org.eclipse.aether.graph < plexus.core
[DEBUG]   Imported: org.eclipse.aether.impl < plexus.core
[DEBUG]   Imported: org.eclipse.aether.installation < plexus.core
[DEBUG]   Imported: org.eclipse.aether.internal.impl < plexus.core
[DEBUG]   Imported: org.eclipse.aether.metadata < plexus.core
[DEBUG]   Imported: org.eclipse.aether.repository < plexus.core
[DEBUG]   Imported: org.eclipse.aether.resolution < plexus.core
[DEBUG]   Imported: org.eclipse.aether.spi < plexus.core
[DEBUG]   Imported: org.eclipse.aether.transfer < plexus.core
[DEBUG]   Imported: org.eclipse.aether.version < plexus.core
[DEBUG]   Imported: org.fusesource.jansi.* < plexus.core
[DEBUG]   Imported: org.slf4j.* < plexus.core
[DEBUG]   Imported: org.slf4j.event.* < plexus.core
[DEBUG]   Imported: org.slf4j.helpers.* < plexus.core
[DEBUG]   Imported: org.slf4j.spi.* < plexus.core
[DEBUG] Populating class realm maven.api
[INFO] Error stacktraces are turned on.
[DEBUG] Message scheme: color
[DEBUG] Message styles: debug info warning error success failure strong mojo project
[DEBUG] Reading global settings from C:\Users\1950x\.m2\wrapper\dists\apache-maven-3.8.6-bin\1ks0nkde5v1pk9vtc31i9d0lcd\apache-maven-3.8.6\conf\settings.xml
[DEBUG] Reading user settings from C:\Users\1950x\.m2\settings.xml
[DEBUG] Reading global toolchains from C:\Users\1950x\.m2\wrapper\dists\apache-maven-3.8.6-bin\1ks0nkde5v1pk9vtc31i9d0lcd\apache-maven-3.8.6\conf\toolchains.xml
[DEBUG] Reading user toolchains from C:\Users\1950x\.m2\toolchains.xml
[DEBUG] Using local repository at C:\Users\1950x\.m2\repository
[DEBUG] Using manager EnhancedLocalRepositoryManager with priority 10.0 for C:\Users\1950x\.m2\repository
[INFO] Scanning for projects...
[DEBUG] Extension realms for project org.fp024:my-board-spring5:war:1.0.0-BUILD-SNAPSHOT: (none)
[DEBUG] Looking up lifecycle mappings for packaging war from ClassRealm[plexus.core, parent: null]
[DEBUG] Extension realms for project org.fp024:study-dependencies-parent:pom:1.0.0-BUILD-SNAPSHOT: (none)
[DEBUG] Looking up lifecycle mappings for packaging pom from ClassRealm[plexus.core, parent: null]
[DEBUG] Resolving plugin prefix compiler from [org.apache.maven.plugins, org.codehaus.mojo]
[DEBUG] Resolved plugin prefix compiler to org.apache.maven.plugins:maven-compiler-plugin from POM org.fp024:my-board-spring5:war:1.0.0-BUILD-SNAPSHOT
[DEBUG] === REACTOR BUILD PLAN ================================================
[DEBUG] Project: org.fp024:my-board-spring5:war:1.0.0-BUILD-SNAPSHOT
[DEBUG] Tasks:   [clean, compiler:compile]
[DEBUG] Style:   Regular
[DEBUG] =======================================================================
[INFO] 
[INFO] ---------------------< org.fp024:my-board-spring5 >---------------------
[INFO] Building my-board-spring5 1.0.0-BUILD-SNAPSHOT
[INFO] --------------------------------[ war ]---------------------------------
[DEBUG] Lifecycle default -> [validate, initialize, generate-sources, process-sources, generate-resources, process-resources, compile, process-classes, generate-test-sources, process-test-sources, generate-test-resources, process-test-resources, test-compile, process-test-classes, test, prepare-package, package, pre-integration-test, integration-test, post-integration-test, verify, install, deploy]
[DEBUG] Lifecycle clean -> [pre-clean, clean, post-clean]
[DEBUG] Lifecycle site -> [pre-site, site, post-site, site-deploy]
[DEBUG] Resolving plugin prefix compiler from [org.apache.maven.plugins, org.codehaus.mojo]
[DEBUG] Resolved plugin prefix compiler to org.apache.maven.plugins:maven-compiler-plugin from POM org.fp024:my-board-spring5:war:1.0.0-BUILD-SNAPSHOT
[DEBUG] Using mirror maven-default-http-blocker (http://0.0.0.0/) for apache.snapshots (http://repository.apache.org/snapshots).
[DEBUG] Lifecycle default -> [validate, initialize, generate-sources, process-sources, generate-resources, process-resources, compile, process-classes, generate-test-sources, process-test-sources, generate-test-resources, process-test-resources, test-compile, process-test-classes, test, prepare-package, package, pre-integration-test, integration-test, post-integration-test, verify, install, deploy]
[DEBUG] Lifecycle clean -> [pre-clean, clean, post-clean]
[DEBUG] Lifecycle site -> [pre-site, site, post-site, site-deploy]
[DEBUG] Lifecycle default -> [validate, initialize, generate-sources, process-sources, generate-resources, process-resources, compile, process-classes, generate-test-sources, process-test-sources, generate-test-resources, process-test-resources, test-compile, process-test-classes, test, prepare-package, package, pre-integration-test, integration-test, post-integration-test, verify, install, deploy]
[DEBUG] Lifecycle clean -> [pre-clean, clean, post-clean]
[DEBUG] Lifecycle site -> [pre-site, site, post-site, site-deploy]
[DEBUG] === PROJECT BUILD PLAN ================================================
[DEBUG] Project:       org.fp024:my-board-spring5:1.0.0-BUILD-SNAPSHOT
[DEBUG] Dependencies (collect): []
[DEBUG] Dependencies (resolve): [compile]
[DEBUG] Repositories (dependencies): [central (https://repo.maven.apache.org/maven2, default, releases)]
[DEBUG] Repositories (plugins)     : [central (https://repo.maven.apache.org/maven2, default, releases)]
[DEBUG] -----------------------------------------------------------------------
[DEBUG] Goal:          org.apache.maven.plugins:maven-clean-plugin:2.5:clean (default-clean)
[DEBUG] Style:         Regular
[DEBUG] Configuration: <?xml version="1.0" encoding="UTF-8"?>
<configuration>
  <directory default-value="${project.build.directory}"/>
  <excludeDefaultDirectories default-value="false">${clean.excludeDefaultDirectories}</excludeDefaultDirectories>
  <failOnError default-value="true">${maven.clean.failOnError}</failOnError>
  <followSymLinks default-value="false">${clean.followSymLinks}</followSymLinks>
  <outputDirectory default-value="${project.build.outputDirectory}"/>
  <reportDirectory default-value="${project.reporting.outputDirectory}"/>
  <retryOnError default-value="true">${maven.clean.retryOnError}</retryOnError>
  <skip default-value="false">${clean.skip}</skip>
  <testOutputDirectory default-value="${project.build.testOutputDirectory}"/>
  <verbose>${clean.verbose}</verbose>
</configuration>
[DEBUG] -----------------------------------------------------------------------
[DEBUG] Goal:          org.apache.maven.plugins:maven-compiler-plugin:3.10.1:compile (default-cli)
[DEBUG] Style:         Regular
[DEBUG] Configuration: <?xml version="1.0" encoding="UTF-8"?>
<configuration>
  <annotationProcessors>
    <processor>lombok.launch.AnnotationProcessorHider$AnnotationProcessor</processor>
    <processor>org.hibernate.jpamodelgen.JPAMetaModelEntityProcessor</processor>
    <processor>com.querydsl.apt.jpa.JPAAnnotationProcessor</processor>
  </annotationProcessors>
  <basedir default-value="${basedir}"/>
  <buildDirectory default-value="${project.build.directory}"/>
  <compilePath default-value="${project.compileClasspathElements}"/>
  <compileSourceRoots default-value="${project.compileSourceRoots}"/>
  <compilerArgs>
    <arg>-Xlint:all</arg>
    <arg>-Xlint:-processing</arg>
    <arg>-Xlint:-path</arg>
  </compilerArgs>
  <compilerId default-value="javac">${maven.compiler.compilerId}</compilerId>
  <compilerReuseStrategy default-value="${reuseCreated}">${maven.compiler.compilerReuseStrategy}</compilerReuseStrategy>
  <compilerVersion>${maven.compiler.compilerVersion}</compilerVersion>
  <createMissingPackageInfoClass default-value="true">${maven.compiler.createMissingPackageInfoClass}</createMissingPackageInfoClass>
  <debug default-value="true">${maven.compiler.debug}</debug>
  <debugFileName default-value="javac"/>
  <debuglevel>${maven.compiler.debuglevel}</debuglevel>
  <enablePreview default-value="false">${maven.compiler.enablePreview}</enablePreview>
  <encoding default-value="${project.build.sourceEncoding}">${encoding}</encoding>
  <executable>${maven.compiler.executable}</executable>
  <failOnError default-value="true">${maven.compiler.failOnError}</failOnError>
  <failOnWarning default-value="false">${maven.compiler.failOnWarning}</failOnWarning>
  <forceJavacCompilerUse default-value="false">${maven.compiler.forceJavacCompilerUse}</forceJavacCompilerUse>
  <fork default-value="false">${maven.compiler.fork}</fork>
  <generatedSourcesDirectory default-value="${project.build.directory}/generated-sources/annotations"/>
  <maxmem>${maven.compiler.maxmem}</maxmem>
  <meminitial>${maven.compiler.meminitial}</meminitial>
  <mojoExecution default-value="${mojoExecution}"/>
  <optimize default-value="false">${maven.compiler.optimize}</optimize>
  <outputDirectory default-value="${project.build.outputDirectory}"/>
  <parameters default-value="false">${maven.compiler.parameters}</parameters>
  <project default-value="${project}"/>
  <projectArtifact default-value="${project.artifact}"/>
  <release>${maven.compiler.release}</release>
  <session default-value="${session}"/>
  <showDeprecation default-value="false">true</showDeprecation>
  <showWarnings default-value="false">true</showWarnings>
  <skipMain>${maven.main.skip}</skipMain>
  <skipMultiThreadWarning default-value="false">${maven.compiler.skipMultiThreadWarning}</skipMultiThreadWarning>
  <source default-value="1.7">17</source>
  <staleMillis default-value="0">${lastModGranularityMs}</staleMillis>
  <target default-value="1.7">17</target>
  <useIncrementalCompilation default-value="true">${maven.compiler.useIncrementalCompilation}</useIncrementalCompilation>
  <verbose default-value="false">${maven.compiler.verbose}</verbose>
</configuration>
[DEBUG] =======================================================================
[DEBUG] Using mirror maven-default-http-blocker (http://0.0.0.0/) for releases.java.net (http://maven.java.net/content/repositories/releases/).
[DEBUG] Using mirror maven-default-http-blocker (http://0.0.0.0/) for shapshots.java.net (http://maven.java.net/content/repositories/snapshots/).
[DEBUG] Using mirror maven-default-http-blocker (http://0.0.0.0/) for jvnet-nexus-staging (http://maven.java.net/content/repositories/staging/).
[DEBUG] Using mirror maven-default-http-blocker (http://0.0.0.0/) for netbeans (http://bits.netbeans.org/nexus/content/groups/netbeans).
[DEBUG] Using mirror maven-default-http-blocker (http://0.0.0.0/) for ow2-snapshot (http://repository.ow2.org/nexus/content/repositories/snapshots).
[DEBUG] Dependency collection stats {ConflictMarker.analyzeTime=2534700, ConflictMarker.markTime=599100, ConflictMarker.nodeCount=198, ConflictIdSorter.graphTime=1533700, ConflictIdSorter.topsortTime=1015000, ConflictIdSorter.conflictIdCount=80, ConflictIdSorter.conflictIdCycleCount=0, ConflictResolver.totalTime=14059300, ConflictResolver.conflictItemCount=170, DefaultDependencyCollector.collectTime=278076600, DefaultDependencyCollector.transformTime=22833100}
[DEBUG] org.fp024:my-board-spring5:war:1.0.0-BUILD-SNAPSHOT
[DEBUG]    org.springframework:spring-context:jar:5.3.24:compile
[DEBUG]       org.springframework:spring-aop:jar:5.3.24:compile
[DEBUG]       org.springframework:spring-beans:jar:5.3.24:compile
[DEBUG]       org.springframework:spring-core:jar:5.3.24:compile
[DEBUG]          org.springframework:spring-jcl:jar:5.3.24:compile
[DEBUG]       org.springframework:spring-expression:jar:5.3.24:compile
[DEBUG]    org.springframework:spring-webmvc:jar:5.3.24:compile
[DEBUG]       org.springframework:spring-web:jar:5.3.24:compile
[DEBUG]    org.springframework:spring-orm:jar:5.3.24:compile
[DEBUG]    org.springframework:spring-tx:jar:5.3.24:compile
[DEBUG]    org.springframework:spring-jdbc:jar:5.3.24:compile
[DEBUG]    org.springframework.security:spring-security-web:jar:5.8.0:compile
[DEBUG]    org.springframework.security:spring-security-config:jar:5.8.0:compile
[DEBUG]    org.springframework.security:spring-security-core:jar:5.8.0:compile
[DEBUG]       org.springframework.security:spring-security-crypto:jar:5.8.0:compile
[DEBUG]    org.springframework.security:spring-security-taglibs:jar:5.8.0:compile
[DEBUG]       org.springframework.security:spring-security-acl:jar:5.8.0:compile
[DEBUG]    org.aspectj:aspectjrt:jar:1.9.9.1:compile
[DEBUG]    org.apache.logging.log4j:log4j-core:jar:2.19.0:compile
[DEBUG]       org.apache.logging.log4j:log4j-api:jar:2.19.0:compile (version managed from 2.19.0)
[DEBUG]    org.apache.logging.log4j:log4j-slf4j2-impl:jar:2.19.0:compile
[DEBUG]       org.slf4j:slf4j-api:jar:2.0.0:compile
[DEBUG]    javax.servlet:javax.servlet-api:jar:4.0.1:provided
[DEBUG]    javax.servlet.jsp:javax.servlet.jsp-api:jar:2.3.3:provided
[DEBUG]    javax.servlet:jstl:jar:1.2:provided
[DEBUG]    net.sargue:java-time-jsptags:jar:1.1.4:compile
[DEBUG]    org.hsqldb:hsqldb:jar:2.7.1:runtime
[DEBUG]    org.hibernate:hibernate-core:jar:5.6.14.Final:compile
[DEBUG]       org.jboss.logging:jboss-logging:jar:3.4.3.Final:compile
[DEBUG]       javax.persistence:javax.persistence-api:jar:2.2:compile
[DEBUG]       net.bytebuddy:byte-buddy:jar:1.12.18:compile
[DEBUG]       antlr:antlr:jar:2.7.7:compile
[DEBUG]       org.jboss.spec.javax.transaction:jboss-transaction-api_1.2_spec:jar:1.1.1.Final:compile
[DEBUG]       org.jboss:jandex:jar:2.4.2.Final:compile
[DEBUG]       com.fasterxml:classmate:jar:1.5.1:compile
[DEBUG]       javax.activation:javax.activation-api:jar:1.2.0:compile
[DEBUG]       org.hibernate.common:hibernate-commons-annotations:jar:5.1.2.Final:compile
[DEBUG]       javax.xml.bind:jaxb-api:jar:2.3.1:compile
[DEBUG]       org.glassfish.jaxb:jaxb-runtime:jar:2.3.1:compile
[DEBUG]          org.glassfish.jaxb:txw2:jar:2.3.1:compile
[DEBUG]          com.sun.istack:istack-commons-runtime:jar:3.0.7:compile
[DEBUG]          org.jvnet.staxex:stax-ex:jar:1.8:compile
[DEBUG]          com.sun.xml.fastinfoset:FastInfoset:jar:1.2.15:compile
[DEBUG]    org.hibernate:hibernate-jpamodelgen:jar:5.6.14.Final:provided
[DEBUG]    org.springframework.data:spring-data-jpa:jar:2.7.6:compile
[DEBUG]       org.springframework.data:spring-data-commons:jar:2.7.6:compile
[DEBUG]    com.querydsl:querydsl-jpa:jar:5.0.0:compile
[DEBUG]       com.querydsl:querydsl-core:jar:5.0.0:compile
[DEBUG]          com.mysema.commons:mysema-commons-lang:jar:0.2.4:compile
[DEBUG]    com.querydsl:querydsl-codegen:jar:5.0.0:compile
[DEBUG]       com.querydsl:codegen-utils:jar:5.0.0:compile
[DEBUG]          org.eclipse.jdt:ecj:jar:3.26.0:compile
[DEBUG]       javax.inject:javax.inject:jar:1:compile
[DEBUG]       io.github.classgraph:classgraph:jar:4.8.108:compile
[DEBUG]    com.querydsl:querydsl-apt:jar:5.0.0:provided
[DEBUG]    com.zaxxer:HikariCP:jar:5.0.1:compile (exclusions managed from [org.slf4j:slf4j-api:*:*])
[DEBUG]    com.google.code.gson:gson:jar:2.10:compile
[DEBUG]    net.coobird:thumbnailator:jar:0.4.18:compile
[DEBUG]    org.projectlombok:lombok:jar:1.18.24:provided
[DEBUG]    org.springframework:spring-test:jar:5.3.24:test
[DEBUG]    org.springframework.security:spring-security-test:jar:5.8.0:test
[DEBUG]    com.jayway.jsonpath:json-path:jar:2.7.0:test
[DEBUG]       net.minidev:json-smart:jar:2.4.7:test
[DEBUG]          net.minidev:accessors-smart:jar:2.4.7:test
[DEBUG]             org.ow2.asm:asm:jar:9.1:test
[DEBUG]    org.hamcrest:hamcrest:jar:2.2:test
[DEBUG]    org.mockito:mockito-junit-jupiter:jar:4.9.0:test
[DEBUG]       org.mockito:mockito-core:jar:4.9.0:test
[DEBUG]          net.bytebuddy:byte-buddy-agent:jar:1.12.16:test
[DEBUG]          org.objenesis:objenesis:jar:3.3:test
[DEBUG]       org.junit.jupiter:junit-jupiter-api:jar:5.9.1:test (version managed from 5.9.1)
[DEBUG]          org.opentest4j:opentest4j:jar:1.2.0:test
[DEBUG]          org.junit.platform:junit-platform-commons:jar:1.9.1:test (version managed from 1.9.1)
[DEBUG]          org.apiguardian:apiguardian-api:jar:1.1.2:test
[DEBUG]    org.mockito:mockito-inline:jar:4.9.0:test
[DEBUG]    org.junit.jupiter:junit-jupiter:jar:5.9.1:test
[DEBUG]       org.junit.jupiter:junit-jupiter-params:jar:5.9.1:test (version managed from 5.9.1)
[DEBUG]       org.junit.jupiter:junit-jupiter-engine:jar:5.9.1:test (version managed from 5.9.1)
[DEBUG]          org.junit.platform:junit-platform-engine:jar:1.9.1:test (version managed from 1.9.1)
[DEBUG]    org.assertj:assertj-core:jar:3.23.1:test
[INFO] 
[INFO] --- maven-clean-plugin:2.5:clean (default-clean) @ my-board-spring5 ---
[DEBUG] Using mirror maven-default-http-blocker (http://0.0.0.0/) for apache.snapshots (http://people.apache.org/repo/m2-snapshot-repository).
[DEBUG] Dependency collection stats {ConflictMarker.analyzeTime=107400, ConflictMarker.markTime=97000, ConflictMarker.nodeCount=3, ConflictIdSorter.graphTime=52500, ConflictIdSorter.topsortTime=11600, ConflictIdSorter.conflictIdCount=3, ConflictIdSorter.conflictIdCycleCount=0, ConflictResolver.totalTime=107400, ConflictResolver.conflictItemCount=3, DefaultDependencyCollector.collectTime=12225500, DefaultDependencyCollector.transformTime=437100}
[DEBUG] org.apache.maven.plugins:maven-clean-plugin:jar:2.5
[DEBUG]    org.apache.maven:maven-plugin-api:jar:2.0.6:compile
[DEBUG]    org.codehaus.plexus:plexus-utils:jar:3.0:compile
[DEBUG] Created new class realm plugin>org.apache.maven.plugins:maven-clean-plugin:2.5
[DEBUG] Importing foreign packages into class realm plugin>org.apache.maven.plugins:maven-clean-plugin:2.5
[DEBUG]   Imported:  < maven.api
[DEBUG] Populating class realm plugin>org.apache.maven.plugins:maven-clean-plugin:2.5
[DEBUG]   Included: org.apache.maven.plugins:maven-clean-plugin:jar:2.5
[DEBUG]   Included: org.codehaus.plexus:plexus-utils:jar:3.0
[DEBUG] Configuring mojo org.apache.maven.plugins:maven-clean-plugin:2.5:clean from plugin realm ClassRealm[plugin>org.apache.maven.plugins:maven-clean-plugin:2.5, parent: java.net.URLClassLoader@32a1bec0]
[DEBUG] Configuring mojo 'org.apache.maven.plugins:maven-clean-plugin:2.5:clean' with basic configurator -->
[DEBUG]   (f) directory = C:\git\learning-spring-web-project-by-code\part-last\my-board-spring5\target
[DEBUG]   (f) excludeDefaultDirectories = false
[DEBUG]   (f) failOnError = true
[DEBUG]   (f) followSymLinks = false
[DEBUG]   (f) outputDirectory = C:\git\learning-spring-web-project-by-code\part-last\my-board-spring5\target\classes
[DEBUG]   (f) reportDirectory = C:\git\learning-spring-web-project-by-code\part-last\my-board-spring5\target\site
[DEBUG]   (f) retryOnError = true
[DEBUG]   (f) skip = false
[DEBUG]   (f) testOutputDirectory = C:\git\learning-spring-web-project-by-code\part-last\my-board-spring5\target\test-classes
[DEBUG] -- end configuration --
[INFO] Deleting C:\git\learning-spring-web-project-by-code\part-last\my-board-spring5\target
[INFO] Deleting directory C:\git\learning-spring-web-project-by-code\part-last\my-board-spring5\target\maven-status\maven-compiler-plugin\compile\default-cli
[INFO] Deleting directory C:\git\learning-spring-web-project-by-code\part-last\my-board-spring5\target\maven-status\maven-compiler-plugin\compile
[INFO] Deleting directory C:\git\learning-spring-web-project-by-code\part-last\my-board-spring5\target\maven-status\maven-compiler-plugin
[INFO] Deleting directory C:\git\learning-spring-web-project-by-code\part-last\my-board-spring5\target\maven-status
[INFO] Deleting file C:\git\learning-spring-web-project-by-code\part-last\my-board-spring5\target\generated-sources\annotations\org\fp024\domain\ReplyVO_.java
[INFO] Deleting file C:\git\learning-spring-web-project-by-code\part-last\my-board-spring5\target\generated-sources\annotations\org\fp024\domain\QReplyVO.java
[INFO] Deleting file C:\git\learning-spring-web-project-by-code\part-last\my-board-spring5\target\generated-sources\annotations\org\fp024\domain\QMemberVO.java
[INFO] Deleting file C:\git\learning-spring-web-project-by-code\part-last\my-board-spring5\target\generated-sources\annotations\org\fp024\domain\QBoardVO.java
[INFO] Deleting file C:\git\learning-spring-web-project-by-code\part-last\my-board-spring5\target\generated-sources\annotations\org\fp024\domain\QBoardAttachVO.java
[INFO] Deleting file C:\git\learning-spring-web-project-by-code\part-last\my-board-spring5\target\generated-sources\annotations\org\fp024\domain\QAuthVO.java
[INFO] Deleting file C:\git\learning-spring-web-project-by-code\part-last\my-board-spring5\target\generated-sources\annotations\org\fp024\domain\QAuthId.java
[INFO] Deleting file C:\git\learning-spring-web-project-by-code\part-last\my-board-spring5\target\generated-sources\annotations\org\fp024\domain\MemberVO_.java
[INFO] Deleting file C:\git\learning-spring-web-project-by-code\part-last\my-board-spring5\target\generated-sources\annotations\org\fp024\domain\BoardVO_.java
[INFO] Deleting file C:\git\learning-spring-web-project-by-code\part-last\my-board-spring5\target\generated-sources\annotations\org\fp024\domain\BoardAttachVO_.java
[INFO] Deleting file C:\git\learning-spring-web-project-by-code\part-last\my-board-spring5\target\generated-sources\annotations\org\fp024\domain\AuthVO_.java
[INFO] Deleting file C:\git\learning-spring-web-project-by-code\part-last\my-board-spring5\target\generated-sources\annotations\org\fp024\domain\AuthId_.java
[INFO] Deleting directory C:\git\learning-spring-web-project-by-code\part-last\my-board-spring5\target\generated-sources\annotations\org\fp024\domain
[INFO] Deleting directory C:\git\learning-spring-web-project-by-code\part-last\my-board-spring5\target\generated-sources\annotations\org\fp024
[INFO] Deleting directory C:\git\learning-spring-web-project-by-code\part-last\my-board-spring5\target\generated-sources\annotations\org
[INFO] Deleting directory C:\git\learning-spring-web-project-by-code\part-last\my-board-spring5\target\generated-sources\annotations
[INFO] Deleting directory C:\git\learning-spring-web-project-by-code\part-last\my-board-spring5\target\generated-sources
[INFO] Deleting file C:\git\learning-spring-web-project-by-code\part-last\my-board-spring5\target\classes\org\fp024\util\GsonHelper.class
[INFO] Deleting file C:\git\learning-spring-web-project-by-code\part-last\my-board-spring5\target\classes\org\fp024\util\GsonHelper$GsonHttpMessageConverterHolder.class
[INFO] Deleting file C:\git\learning-spring-web-project-by-code\part-last\my-board-spring5\target\classes\org\fp024\util\GsonHelper$GsonHolder.class
[INFO] Deleting directory C:\git\learning-spring-web-project-by-code\part-last\my-board-spring5\target\classes\org\fp024\util
[INFO] Deleting directory C:\git\learning-spring-web-project-by-code\part-last\my-board-spring5\target\classes\org\fp024
[INFO] Deleting directory C:\git\learning-spring-web-project-by-code\part-last\my-board-spring5\target\classes\org
[INFO] Deleting directory C:\git\learning-spring-web-project-by-code\part-last\my-board-spring5\target\classes
[INFO] Deleting directory C:\git\learning-spring-web-project-by-code\part-last\my-board-spring5\target
[DEBUG] Skipping non-existing directory C:\git\learning-spring-web-project-by-code\part-last\my-board-spring5\target\classes
[DEBUG] Skipping non-existing directory C:\git\learning-spring-web-project-by-code\part-last\my-board-spring5\target\test-classes
[DEBUG] Skipping non-existing directory C:\git\learning-spring-web-project-by-code\part-last\my-board-spring5\target\site
[INFO] 
[INFO] --- maven-compiler-plugin:3.10.1:compile (default-cli) @ my-board-spring5 ---
[DEBUG] Dependency collection stats {ConflictMarker.analyzeTime=54600, ConflictMarker.markTime=22700, ConflictMarker.nodeCount=17, ConflictIdSorter.graphTime=13800, ConflictIdSorter.topsortTime=17400, ConflictIdSorter.conflictIdCount=12, ConflictIdSorter.conflictIdCycleCount=0, ConflictResolver.totalTime=222900, ConflictResolver.conflictItemCount=17, DefaultDependencyCollector.collectTime=42202600, DefaultDependencyCollector.transformTime=353900}
[DEBUG] org.apache.maven.plugins:maven-compiler-plugin:jar:3.10.1
[DEBUG]    org.apache.maven.shared:maven-shared-utils:jar:3.3.4:compile
[DEBUG]       commons-io:commons-io:jar:2.6:compile
[DEBUG]    org.apache.maven.shared:maven-shared-incremental:jar:1.1:compile
[DEBUG]       org.codehaus.plexus:plexus-component-annotations:jar:2.0.0:compile (version managed from default)
[DEBUG]    org.codehaus.plexus:plexus-java:jar:1.1.1:compile
[DEBUG]       org.ow2.asm:asm:jar:9.2:compile
[DEBUG]       com.thoughtworks.qdox:qdox:jar:2.0.1:compile (version managed from default)
[DEBUG]    org.codehaus.plexus:plexus-compiler-api:jar:2.11.1:compile
[DEBUG]       org.codehaus.plexus:plexus-utils:jar:3.4.1:compile
[DEBUG]    org.codehaus.plexus:plexus-compiler-manager:jar:2.11.1:compile
[DEBUG]    org.codehaus.plexus:plexus-compiler-javac:jar:2.11.1:runtime
[DEBUG] Created new class realm plugin>org.apache.maven.plugins:maven-compiler-plugin:3.10.1
[DEBUG] Importing foreign packages into class realm plugin>org.apache.maven.plugins:maven-compiler-plugin:3.10.1
[DEBUG]   Imported:  < maven.api
[DEBUG] Populating class realm plugin>org.apache.maven.plugins:maven-compiler-plugin:3.10.1
[DEBUG]   Included: org.apache.maven.plugins:maven-compiler-plugin:jar:3.10.1
[DEBUG]   Included: org.apache.maven.shared:maven-shared-utils:jar:3.3.4
[DEBUG]   Included: commons-io:commons-io:jar:2.6
[DEBUG]   Included: org.apache.maven.shared:maven-shared-incremental:jar:1.1
[DEBUG]   Included: org.codehaus.plexus:plexus-component-annotations:jar:2.0.0
[DEBUG]   Included: org.codehaus.plexus:plexus-java:jar:1.1.1
[DEBUG]   Included: org.ow2.asm:asm:jar:9.2
[DEBUG]   Included: com.thoughtworks.qdox:qdox:jar:2.0.1
[DEBUG]   Included: org.codehaus.plexus:plexus-compiler-api:jar:2.11.1
[DEBUG]   Included: org.codehaus.plexus:plexus-utils:jar:3.4.1
[DEBUG]   Included: org.codehaus.plexus:plexus-compiler-manager:jar:2.11.1
[DEBUG]   Included: org.codehaus.plexus:plexus-compiler-javac:jar:2.11.1
[DEBUG] Configuring mojo org.apache.maven.plugins:maven-compiler-plugin:3.10.1:compile from plugin realm ClassRealm[plugin>org.apache.maven.plugins:maven-compiler-plugin:3.10.1, parent: java.net.URLClassLoader@32a1bec0]
[DEBUG] Configuring mojo 'org.apache.maven.plugins:maven-compiler-plugin:3.10.1:compile' with basic configurator -->
[DEBUG]   (f) annotationProcessors = [lombok.launch.AnnotationProcessorHider$AnnotationProcessor, org.hibernate.jpamodelgen.JPAMetaModelEntityProcessor, com.querydsl.apt.jpa.JPAAnnotationProcessor]
[DEBUG]   (f) basedir = C:\git\learning-spring-web-project-by-code\part-last\my-board-spring5
[DEBUG]   (f) buildDirectory = C:\git\learning-spring-web-project-by-code\part-last\my-board-spring5\target
[DEBUG]   (f) compilePath = [C:\git\learning-spring-web-project-by-code\part-last\my-board-spring5\target\classes, C:\Users\1950x\.m2\repository\org\springframework\spring-context\5.3.24\spring-context-5.3.24.jar, C:\Users\1950x\.m2\repository\org\springframework\spring-aop\5.3.24\spring-aop-5.3.24.jar, C:\Users\1950x\.m2\repository\org\springframework\spring-beans\5.3.24\spring-beans-5.3.24.jar, C:\Users\1950x\.m2\repository\org\springframework\spring-core\5.3.24\spring-core-5.3.24.jar, C:\Users\1950x\.m2\repository\org\springframework\spring-jcl\5.3.24\spring-jcl-5.3.24.jar, C:\Users\1950x\.m2\repository\org\springframework\spring-expression\5.3.24\spring-expression-5.3.24.jar, C:\Users\1950x\.m2\repository\org\springframework\spring-webmvc\5.3.24\spring-webmvc-5.3.24.jar, C:\Users\1950x\.m2\repository\org\springframework\spring-web\5.3.24\spring-web-5.3.24.jar, C:\Users\1950x\.m2\repository\org\springframework\spring-orm\5.3.24\spring-orm-5.3.24.jar, C:\Users\1950x\.m2\repository\org\springframework\spring-tx\5.3.24\spring-tx-5.3.24.jar, C:\Users\1950x\.m2\repository\org\springframework\spring-jdbc\5.3.24\spring-jdbc-5.3.24.jar, C:\Users\1950x\.m2\repository\org\springframework\security\spring-security-web\5.8.0\spring-security-web-5.8.0.jar, C:\Users\1950x\.m2\repository\org\springframework\security\spring-security-config\5.8.0\spring-security-config-5.8.0.jar, C:\Users\1950x\.m2\repository\org\springframework\security\spring-security-core\5.8.0\spring-security-core-5.8.0.jar, C:\Users\1950x\.m2\repository\org\springframework\security\spring-security-crypto\5.8.0\spring-security-crypto-5.8.0.jar, C:\Users\1950x\.m2\repository\org\springframework\security\spring-security-taglibs\5.8.0\spring-security-taglibs-5.8.0.jar, C:\Users\1950x\.m2\repository\org\springframework\security\spring-security-acl\5.8.0\spring-security-acl-5.8.0.jar, C:\Users\1950x\.m2\repository\org\aspectj\aspectjrt\1.9.9.1\aspectjrt-1.9.9.1.jar, C:\Users\1950x\.m2\repository\org\apache\logging\log4j\log4j-core\2.19.0\log4j-core-2.19.0.jar, C:\Users\1950x\.m2\repository\org\apache\logging\log4j\log4j-api\2.19.0\log4j-api-2.19.0.jar, C:\Users\1950x\.m2\repository\org\apache\logging\log4j\log4j-slf4j2-impl\2.19.0\log4j-slf4j2-impl-2.19.0.jar, C:\Users\1950x\.m2\repository\org\slf4j\slf4j-api\2.0.0\slf4j-api-2.0.0.jar, C:\Users\1950x\.m2\repository\javax\servlet\javax.servlet-api\4.0.1\javax.servlet-api-4.0.1.jar, C:\Users\1950x\.m2\repository\javax\servlet\jsp\javax.servlet.jsp-api\2.3.3\javax.servlet.jsp-api-2.3.3.jar, C:\Users\1950x\.m2\repository\javax\servlet\jstl\1.2\jstl-1.2.jar, C:\Users\1950x\.m2\repository\net\sargue\java-time-jsptags\1.1.4\java-time-jsptags-1.1.4.jar, C:\Users\1950x\.m2\repository\org\hibernate\hibernate-core\5.6.14.Final\hibernate-core-5.6.14.Final.jar, C:\Users\1950x\.m2\repository\org\jboss\logging\jboss-logging\3.4.3.Final\jboss-logging-3.4.3.Final.jar, C:\Users\1950x\.m2\repository\javax\persistence\javax.persistence-api\2.2\javax.persistence-api-2.2.jar, C:\Users\1950x\.m2\repository\net\bytebuddy\byte-buddy\1.12.18\byte-buddy-1.12.18.jar, C:\Users\1950x\.m2\repository\antlr\antlr\2.7.7\antlr-2.7.7.jar, C:\Users\1950x\.m2\repository\org\jboss\spec\javax\transaction\jboss-transaction-api_1.2_spec\1.1.1.Final\jboss-transaction-api_1.2_spec-1.1.1.Final.jar, C:\Users\1950x\.m2\repository\org\jboss\jandex\2.4.2.Final\jandex-2.4.2.Final.jar, C:\Users\1950x\.m2\repository\com\fasterxml\classmate\1.5.1\classmate-1.5.1.jar, C:\Users\1950x\.m2\repository\javax\activation\javax.activation-api\1.2.0\javax.activation-api-1.2.0.jar, C:\Users\1950x\.m2\repository\org\hibernate\common\hibernate-commons-annotations\5.1.2.Final\hibernate-commons-annotations-5.1.2.Final.jar, C:\Users\1950x\.m2\repository\javax\xml\bind\jaxb-api\2.3.1\jaxb-api-2.3.1.jar, C:\Users\1950x\.m2\repository\org\glassfish\jaxb\jaxb-runtime\2.3.1\jaxb-runtime-2.3.1.jar, C:\Users\1950x\.m2\repository\org\glassfish\jaxb\txw2\2.3.1\txw2-2.3.1.jar, C:\Users\1950x\.m2\repository\com\sun\istack\istack-commons-runtime\3.0.7\istack-commons-runtime-3.0.7.jar, C:\Users\1950x\.m2\repository\org\jvnet\staxex\stax-ex\1.8\stax-ex-1.8.jar, C:\Users\1950x\.m2\repository\com\sun\xml\fastinfoset\FastInfoset\1.2.15\FastInfoset-1.2.15.jar, C:\Users\1950x\.m2\repository\org\hibernate\hibernate-jpamodelgen\5.6.14.Final\hibernate-jpamodelgen-5.6.14.Final.jar, C:\Users\1950x\.m2\repository\org\springframework\data\spring-data-jpa\2.7.6\spring-data-jpa-2.7.6.jar, C:\Users\1950x\.m2\repository\org\springframework\data\spring-data-commons\2.7.6\spring-data-commons-2.7.6.jar, C:\Users\1950x\.m2\repository\com\querydsl\querydsl-jpa\5.0.0\querydsl-jpa-5.0.0.jar, C:\Users\1950x\.m2\repository\com\querydsl\querydsl-core\5.0.0\querydsl-core-5.0.0.jar, C:\Users\1950x\.m2\repository\com\mysema\commons\mysema-commons-lang\0.2.4\mysema-commons-lang-0.2.4.jar, C:\Users\1950x\.m2\repository\com\querydsl\querydsl-codegen\5.0.0\querydsl-codegen-5.0.0.jar, C:\Users\1950x\.m2\repository\com\querydsl\codegen-utils\5.0.0\codegen-utils-5.0.0.jar, C:\Users\1950x\.m2\repository\org\eclipse\jdt\ecj\3.26.0\ecj-3.26.0.jar, C:\Users\1950x\.m2\repository\javax\inject\javax.inject\1\javax.inject-1.jar, C:\Users\1950x\.m2\repository\io\github\classgraph\classgraph\4.8.108\classgraph-4.8.108.jar, C:\Users\1950x\.m2\repository\com\querydsl\querydsl-apt\5.0.0\querydsl-apt-5.0.0.jar, C:\Users\1950x\.m2\repository\com\zaxxer\HikariCP\5.0.1\HikariCP-5.0.1.jar, C:\Users\1950x\.m2\repository\com\google\code\gson\gson\2.10\gson-2.10.jar, C:\Users\1950x\.m2\repository\net\coobird\thumbnailator\0.4.18\thumbnailator-0.4.18.jar, C:\Users\1950x\.m2\repository\org\projectlombok\lombok\1.18.24\lombok-1.18.24.jar]
[DEBUG]   (f) compileSourceRoots = [C:\git\learning-spring-web-project-by-code\part-last\my-board-spring5\src\main\java]
[DEBUG]   (f) compilerArgs = [-Xlint:all, -Xlint:-processing, -Xlint:-path]
[DEBUG]   (f) compilerId = javac
[DEBUG]   (f) createMissingPackageInfoClass = true
[DEBUG]   (f) debug = true
[DEBUG]   (f) debugFileName = javac
[DEBUG]   (f) enablePreview = false
[DEBUG]   (f) encoding = UTF-8
[DEBUG]   (f) failOnError = true
[DEBUG]   (f) failOnWarning = false
[DEBUG]   (f) forceJavacCompilerUse = false
[DEBUG]   (f) fork = false
[DEBUG]   (f) generatedSourcesDirectory = C:\git\learning-spring-web-project-by-code\part-last\my-board-spring5\target\generated-sources\annotations
[DEBUG]   (f) mojoExecution = org.apache.maven.plugins:maven-compiler-plugin:3.10.1:compile {execution: default-cli}
[DEBUG]   (f) optimize = false
[DEBUG]   (f) outputDirectory = C:\git\learning-spring-web-project-by-code\part-last\my-board-spring5\target\classes
[DEBUG]   (f) parameters = false
[DEBUG]   (f) project = MavenProject: org.fp024:my-board-spring5:1.0.0-BUILD-SNAPSHOT @ C:\git\learning-spring-web-project-by-code\part-last\my-board-spring5\pom.xml
[DEBUG]   (f) projectArtifact = org.fp024:my-board-spring5:war:1.0.0-BUILD-SNAPSHOT
[DEBUG]   (f) session = org.apache.maven.execution.MavenSession@12b5454f
[DEBUG]   (f) showDeprecation = true
[DEBUG]   (f) showWarnings = true
[DEBUG]   (f) skipMultiThreadWarning = false
[DEBUG]   (f) source = 17
[DEBUG]   (f) staleMillis = 0
[DEBUG]   (s) target = 17
[DEBUG]   (f) useIncrementalCompilation = true
[DEBUG]   (f) verbose = false
[DEBUG] -- end configuration --
[DEBUG] Using compiler 'javac'.
[DEBUG] Adding C:\git\learning-spring-web-project-by-code\part-last\my-board-spring5\target\generated-sources\annotations to compile source roots:
  C:\git\learning-spring-web-project-by-code\part-last\my-board-spring5\src\main\java
[DEBUG] New compile source roots:
  C:\git\learning-spring-web-project-by-code\part-last\my-board-spring5\src\main\java
  C:\git\learning-spring-web-project-by-code\part-last\my-board-spring5\target\generated-sources\annotations
[DEBUG] CompilerReuseStrategy: reuseCreated
[DEBUG] useIncrementalCompilation enabled
[DEBUG] Stale source detected: C:\git\learning-spring-web-project-by-code\part-last\my-board-spring5\src\main\java\org\fp024\controller\CommonController.java
[DEBUG] Stale source detected: C:\git\learning-spring-web-project-by-code\part-last\my-board-spring5\src\main\java\org\fp024\util\CommonUtil.java
[DEBUG] Stale source detected: C:\git\learning-spring-web-project-by-code\part-last\my-board-spring5\src\main\java\org\fp024\security\CustomUserDetailsService.java
[DEBUG] Stale source detected: C:\git\learning-spring-web-project-by-code\part-last\my-board-spring5\src\main\java\org\fp024\service\MemberService.java
[DEBUG] Stale source detected: C:\git\learning-spring-web-project-by-code\part-last\my-board-spring5\src\main\java\org\fp024\domain\ReplyVO.java
[DEBUG] Stale source detected: C:\git\learning-spring-web-project-by-code\part-last\my-board-spring5\src\main\java\org\fp024\domain\AuthId.java
[DEBUG] Stale source detected: C:\git\learning-spring-web-project-by-code\part-last\my-board-spring5\src\main\java\org\fp024\domain\CodeOperation.java
[DEBUG] Stale source detected: C:\git\learning-spring-web-project-by-code\part-last\my-board-spring5\src\main\java\org\fp024\domain\PageDTO.java
[DEBUG] Stale source detected: C:\git\learning-spring-web-project-by-code\part-last\my-board-spring5\src\main\java\org\fp024\config\ServletConfig.java
[DEBUG] Stale source detected: C:\git\learning-spring-web-project-by-code\part-last\my-board-spring5\src\main\java\org\fp024\util\GsonHelper.java
[DEBUG] Stale source detected: C:\git\learning-spring-web-project-by-code\part-last\my-board-spring5\src\main\java\org\fp024\config\RootConfig.java
[DEBUG] Stale source detected: C:\git\learning-spring-web-project-by-code\part-last\my-board-spring5\src\main\java\org\fp024\repository\querydsl\BoardQuerydslRepository.java
[DEBUG] Stale source detected: C:\git\learning-spring-web-project-by-code\part-last\my-board-spring5\src\main\java\org\fp024\util\LocalDateTimeJsonSerializer.java
[DEBUG] Stale source detected: C:\git\learning-spring-web-project-by-code\part-last\my-board-spring5\src\main\java\org\fp024\task\FileCheckTask.java
[DEBUG] Stale source detected: C:\git\learning-spring-web-project-by-code\part-last\my-board-spring5\src\main\java\org\fp024\util\ProjectDataUtil.java
[DEBUG] Stale source detected: C:\git\learning-spring-web-project-by-code\part-last\my-board-spring5\src\main\java\org\fp024\config\SecurityInitializer.java
[DEBUG] Stale source detected: C:\git\learning-spring-web-project-by-code\part-last\my-board-spring5\src\main\java\org\fp024\domain\BoardAttachVO.java
[DEBUG] Stale source detected: C:\git\learning-spring-web-project-by-code\part-last\my-board-spring5\src\main\java\org\fp024\repository\jpa\MemberRepository.java
[DEBUG] Stale source detected: C:\git\learning-spring-web-project-by-code\part-last\my-board-spring5\src\main\java\org\fp024\domain\FileType.java
[DEBUG] Stale source detected: C:\git\learning-spring-web-project-by-code\part-last\my-board-spring5\src\main\java\org\fp024\controller\UploadController.java
[DEBUG] Stale source detected: C:\git\learning-spring-web-project-by-code\part-last\my-board-spring5\src\main\java\org\fp024\domain\ReplyPageDTO.java
[DEBUG] Stale source detected: C:\git\learning-spring-web-project-by-code\part-last\my-board-spring5\src\main\java\org\fp024\domain\AttachFileDTO.java
[DEBUG] Stale source detected: C:\git\learning-spring-web-project-by-code\part-last\my-board-spring5\src\main\java\org\fp024\config\WebConfig.java
[DEBUG] Stale source detected: C:\git\learning-spring-web-project-by-code\part-last\my-board-spring5\src\main\java\org\fp024\domain\Criteria.java
[DEBUG] Stale source detected: C:\git\learning-spring-web-project-by-code\part-last\my-board-spring5\src\main\java\org\fp024\service\ReplyServiceImpl.java
[DEBUG] Stale source detected: C:\git\learning-spring-web-project-by-code\part-last\my-board-spring5\src\main\java\org\fp024\service\ReplyService.java
[DEBUG] Stale source detected: C:\git\learning-spring-web-project-by-code\part-last\my-board-spring5\src\main\java\org\fp024\repository\jpa\BoardAttachRepository.java
[DEBUG] Stale source detected: C:\git\learning-spring-web-project-by-code\part-last\my-board-spring5\src\main\java\org\fp024\service\BoardServiceImpl.java
[DEBUG] Stale source detected: C:\git\learning-spring-web-project-by-code\part-last\my-board-spring5\src\main\java\org\fp024\security\domain\CustomUser.java
[DEBUG] Stale source detected: C:\git\learning-spring-web-project-by-code\part-last\my-board-spring5\src\main\java\org\fp024\repository\querydsl\ReplyQuerydslRepository.java
[DEBUG] Stale source detected: C:\git\learning-spring-web-project-by-code\part-last\my-board-spring5\src\main\java\org\fp024\domain\EnabledType.java
[DEBUG] Stale source detected: C:\git\learning-spring-web-project-by-code\part-last\my-board-spring5\src\main\java\org\fp024\domain\MemberAuthType.java
[DEBUG] Stale source detected: C:\git\learning-spring-web-project-by-code\part-last\my-board-spring5\src\main\java\org\fp024\config\QuerydslConfig.java
[DEBUG] Stale source detected: C:\git\learning-spring-web-project-by-code\part-last\my-board-spring5\src\main\java\org\fp024\util\CustomGsonMessageConvertor.java
[DEBUG] Stale source detected: C:\git\learning-spring-web-project-by-code\part-last\my-board-spring5\src\main\java\org\fp024\enumconverter\FileTypeConverter.java
[DEBUG] Stale source detected: C:\git\learning-spring-web-project-by-code\part-last\my-board-spring5\src\main\java\org\fp024\enumconverter\EnabledTypeConverter.java
[DEBUG] Stale source detected: C:\git\learning-spring-web-project-by-code\part-last\my-board-spring5\src\main\java\org\fp024\domain\BoardVO.java
[DEBUG] Stale source detected: C:\git\learning-spring-web-project-by-code\part-last\my-board-spring5\src\main\java\org\fp024\controller\ReplyController.java
[DEBUG] Stale source detected: C:\git\learning-spring-web-project-by-code\part-last\my-board-spring5\src\main\java\org\fp024\domain\AuthVO.java
[DEBUG] Stale source detected: C:\git\learning-spring-web-project-by-code\part-last\my-board-spring5\src\main\java\org\fp024\controller\BoardController.java
[DEBUG] Stale source detected: C:\git\learning-spring-web-project-by-code\part-last\my-board-spring5\src\main\java\org\fp024\repository\jpa\ReplyRepository.java
[DEBUG] Stale source detected: C:\git\learning-spring-web-project-by-code\part-last\my-board-spring5\src\main\java\org\fp024\domain\MemberVO.java
[DEBUG] Stale source detected: C:\git\learning-spring-web-project-by-code\part-last\my-board-spring5\src\main\java\org\fp024\config\SecurityConfig.java
[DEBUG] Stale source detected: C:\git\learning-spring-web-project-by-code\part-last\my-board-spring5\src\main\java\org\fp024\domain\PageSize.java
[DEBUG] Stale source detected: C:\git\learning-spring-web-project-by-code\part-last\my-board-spring5\src\main\java\org\fp024\domain\SearchType.java
[DEBUG] Stale source detected: C:\git\learning-spring-web-project-by-code\part-last\my-board-spring5\src\main\java\org\fp024\service\BoardService.java
[DEBUG] Stale source detected: C:\git\learning-spring-web-project-by-code\part-last\my-board-spring5\src\main\java\org\fp024\repository\jpa\BoardRepository.java
[INFO] Changes detected - recompiling the module!
[DEBUG] Classpath:
[DEBUG]  C:\git\learning-spring-web-project-by-code\part-last\my-board-spring5\target\classes
[DEBUG]  C:\Users\1950x\.m2\repository\org\springframework\spring-context\5.3.24\spring-context-5.3.24.jar
[DEBUG]  C:\Users\1950x\.m2\repository\org\springframework\spring-aop\5.3.24\spring-aop-5.3.24.jar
[DEBUG]  C:\Users\1950x\.m2\repository\org\springframework\spring-beans\5.3.24\spring-beans-5.3.24.jar
[DEBUG]  C:\Users\1950x\.m2\repository\org\springframework\spring-core\5.3.24\spring-core-5.3.24.jar
[DEBUG]  C:\Users\1950x\.m2\repository\org\springframework\spring-jcl\5.3.24\spring-jcl-5.3.24.jar
[DEBUG]  C:\Users\1950x\.m2\repository\org\springframework\spring-expression\5.3.24\spring-expression-5.3.24.jar
[DEBUG]  C:\Users\1950x\.m2\repository\org\springframework\spring-webmvc\5.3.24\spring-webmvc-5.3.24.jar
[DEBUG]  C:\Users\1950x\.m2\repository\org\springframework\spring-web\5.3.24\spring-web-5.3.24.jar
[DEBUG]  C:\Users\1950x\.m2\repository\org\springframework\spring-orm\5.3.24\spring-orm-5.3.24.jar
[DEBUG]  C:\Users\1950x\.m2\repository\org\springframework\spring-tx\5.3.24\spring-tx-5.3.24.jar
[DEBUG]  C:\Users\1950x\.m2\repository\org\springframework\spring-jdbc\5.3.24\spring-jdbc-5.3.24.jar
[DEBUG]  C:\Users\1950x\.m2\repository\org\springframework\security\spring-security-web\5.8.0\spring-security-web-5.8.0.jar
[DEBUG]  C:\Users\1950x\.m2\repository\org\springframework\security\spring-security-config\5.8.0\spring-security-config-5.8.0.jar
[DEBUG]  C:\Users\1950x\.m2\repository\org\springframework\security\spring-security-core\5.8.0\spring-security-core-5.8.0.jar
[DEBUG]  C:\Users\1950x\.m2\repository\org\springframework\security\spring-security-crypto\5.8.0\spring-security-crypto-5.8.0.jar
[DEBUG]  C:\Users\1950x\.m2\repository\org\springframework\security\spring-security-taglibs\5.8.0\spring-security-taglibs-5.8.0.jar
[DEBUG]  C:\Users\1950x\.m2\repository\org\springframework\security\spring-security-acl\5.8.0\spring-security-acl-5.8.0.jar
[DEBUG]  C:\Users\1950x\.m2\repository\org\aspectj\aspectjrt\1.9.9.1\aspectjrt-1.9.9.1.jar
[DEBUG]  C:\Users\1950x\.m2\repository\org\apache\logging\log4j\log4j-core\2.19.0\log4j-core-2.19.0.jar
[DEBUG]  C:\Users\1950x\.m2\repository\org\apache\logging\log4j\log4j-api\2.19.0\log4j-api-2.19.0.jar
[DEBUG]  C:\Users\1950x\.m2\repository\org\apache\logging\log4j\log4j-slf4j2-impl\2.19.0\log4j-slf4j2-impl-2.19.0.jar
[DEBUG]  C:\Users\1950x\.m2\repository\org\slf4j\slf4j-api\2.0.0\slf4j-api-2.0.0.jar
[DEBUG]  C:\Users\1950x\.m2\repository\javax\servlet\javax.servlet-api\4.0.1\javax.servlet-api-4.0.1.jar
[DEBUG]  C:\Users\1950x\.m2\repository\javax\servlet\jsp\javax.servlet.jsp-api\2.3.3\javax.servlet.jsp-api-2.3.3.jar
[DEBUG]  C:\Users\1950x\.m2\repository\javax\servlet\jstl\1.2\jstl-1.2.jar
[DEBUG]  C:\Users\1950x\.m2\repository\net\sargue\java-time-jsptags\1.1.4\java-time-jsptags-1.1.4.jar
[DEBUG]  C:\Users\1950x\.m2\repository\org\hibernate\hibernate-core\5.6.14.Final\hibernate-core-5.6.14.Final.jar
[DEBUG]  C:\Users\1950x\.m2\repository\org\jboss\logging\jboss-logging\3.4.3.Final\jboss-logging-3.4.3.Final.jar
[DEBUG]  C:\Users\1950x\.m2\repository\javax\persistence\javax.persistence-api\2.2\javax.persistence-api-2.2.jar
[DEBUG]  C:\Users\1950x\.m2\repository\net\bytebuddy\byte-buddy\1.12.18\byte-buddy-1.12.18.jar
[DEBUG]  C:\Users\1950x\.m2\repository\antlr\antlr\2.7.7\antlr-2.7.7.jar
[DEBUG]  C:\Users\1950x\.m2\repository\org\jboss\spec\javax\transaction\jboss-transaction-api_1.2_spec\1.1.1.Final\jboss-transaction-api_1.2_spec-1.1.1.Final.jar
[DEBUG]  C:\Users\1950x\.m2\repository\org\jboss\jandex\2.4.2.Final\jandex-2.4.2.Final.jar
[DEBUG]  C:\Users\1950x\.m2\repository\com\fasterxml\classmate\1.5.1\classmate-1.5.1.jar
[DEBUG]  C:\Users\1950x\.m2\repository\javax\activation\javax.activation-api\1.2.0\javax.activation-api-1.2.0.jar
[DEBUG]  C:\Users\1950x\.m2\repository\org\hibernate\common\hibernate-commons-annotations\5.1.2.Final\hibernate-commons-annotations-5.1.2.Final.jar
[DEBUG]  C:\Users\1950x\.m2\repository\javax\xml\bind\jaxb-api\2.3.1\jaxb-api-2.3.1.jar
[DEBUG]  C:\Users\1950x\.m2\repository\org\glassfish\jaxb\jaxb-runtime\2.3.1\jaxb-runtime-2.3.1.jar
[DEBUG]  C:\Users\1950x\.m2\repository\org\glassfish\jaxb\txw2\2.3.1\txw2-2.3.1.jar
[DEBUG]  C:\Users\1950x\.m2\repository\com\sun\istack\istack-commons-runtime\3.0.7\istack-commons-runtime-3.0.7.jar
[DEBUG]  C:\Users\1950x\.m2\repository\org\jvnet\staxex\stax-ex\1.8\stax-ex-1.8.jar
[DEBUG]  C:\Users\1950x\.m2\repository\com\sun\xml\fastinfoset\FastInfoset\1.2.15\FastInfoset-1.2.15.jar
[DEBUG]  C:\Users\1950x\.m2\repository\org\hibernate\hibernate-jpamodelgen\5.6.14.Final\hibernate-jpamodelgen-5.6.14.Final.jar
[DEBUG]  C:\Users\1950x\.m2\repository\org\springframework\data\spring-data-jpa\2.7.6\spring-data-jpa-2.7.6.jar
[DEBUG]  C:\Users\1950x\.m2\repository\org\springframework\data\spring-data-commons\2.7.6\spring-data-commons-2.7.6.jar
[DEBUG]  C:\Users\1950x\.m2\repository\com\querydsl\querydsl-jpa\5.0.0\querydsl-jpa-5.0.0.jar
[DEBUG]  C:\Users\1950x\.m2\repository\com\querydsl\querydsl-core\5.0.0\querydsl-core-5.0.0.jar
[DEBUG]  C:\Users\1950x\.m2\repository\com\mysema\commons\mysema-commons-lang\0.2.4\mysema-commons-lang-0.2.4.jar
[DEBUG]  C:\Users\1950x\.m2\repository\com\querydsl\querydsl-codegen\5.0.0\querydsl-codegen-5.0.0.jar
[DEBUG]  C:\Users\1950x\.m2\repository\com\querydsl\codegen-utils\5.0.0\codegen-utils-5.0.0.jar
[DEBUG]  C:\Users\1950x\.m2\repository\org\eclipse\jdt\ecj\3.26.0\ecj-3.26.0.jar
[DEBUG]  C:\Users\1950x\.m2\repository\javax\inject\javax.inject\1\javax.inject-1.jar
[DEBUG]  C:\Users\1950x\.m2\repository\io\github\classgraph\classgraph\4.8.108\classgraph-4.8.108.jar
[DEBUG]  C:\Users\1950x\.m2\repository\com\querydsl\querydsl-apt\5.0.0\querydsl-apt-5.0.0.jar
[DEBUG]  C:\Users\1950x\.m2\repository\com\zaxxer\HikariCP\5.0.1\HikariCP-5.0.1.jar
[DEBUG]  C:\Users\1950x\.m2\repository\com\google\code\gson\gson\2.10\gson-2.10.jar
[DEBUG]  C:\Users\1950x\.m2\repository\net\coobird\thumbnailator\0.4.18\thumbnailator-0.4.18.jar
[DEBUG]  C:\Users\1950x\.m2\repository\org\projectlombok\lombok\1.18.24\lombok-1.18.24.jar
[DEBUG] Source roots:
[DEBUG]  C:\git\learning-spring-web-project-by-code\part-last\my-board-spring5\src\main\java
[DEBUG]  C:\git\learning-spring-web-project-by-code\part-last\my-board-spring5\target\generated-sources\annotations
[DEBUG] Command line options:
[DEBUG] -d C:\git\learning-spring-web-project-by-code\part-last\my-board-spring5\target\classes -classpath C:\git\learning-spring-web-project-by-code\part-last\my-board-spring5\target\classes;C:\Users\1950x\.m2\repository\org\springframework\spring-context\5.3.24\spring-context-5.3.24.jar;C:\Users\1950x\.m2\repository\org\springframework\spring-aop\5.3.24\spring-aop-5.3.24.jar;C:\Users\1950x\.m2\repository\org\springframework\spring-beans\5.3.24\spring-beans-5.3.24.jar;C:\Users\1950x\.m2\repository\org\springframework\spring-core\5.3.24\spring-core-5.3.24.jar;C:\Users\1950x\.m2\repository\org\springframework\spring-jcl\5.3.24\spring-jcl-5.3.24.jar;C:\Users\1950x\.m2\repository\org\springframework\spring-expression\5.3.24\spring-expression-5.3.24.jar;C:\Users\1950x\.m2\repository\org\springframework\spring-webmvc\5.3.24\spring-webmvc-5.3.24.jar;C:\Users\1950x\.m2\repository\org\springframework\spring-web\5.3.24\spring-web-5.3.24.jar;C:\Users\1950x\.m2\repository\org\springframework\spring-orm\5.3.24\spring-orm-5.3.24.jar;C:\Users\1950x\.m2\repository\org\springframework\spring-tx\5.3.24\spring-tx-5.3.24.jar;C:\Users\1950x\.m2\repository\org\springframework\spring-jdbc\5.3.24\spring-jdbc-5.3.24.jar;C:\Users\1950x\.m2\repository\org\springframework\security\spring-security-web\5.8.0\spring-security-web-5.8.0.jar;C:\Users\1950x\.m2\repository\org\springframework\security\spring-security-config\5.8.0\spring-security-config-5.8.0.jar;C:\Users\1950x\.m2\repository\org\springframework\security\spring-security-core\5.8.0\spring-security-core-5.8.0.jar;C:\Users\1950x\.m2\repository\org\springframework\security\spring-security-crypto\5.8.0\spring-security-crypto-5.8.0.jar;C:\Users\1950x\.m2\repository\org\springframework\security\spring-security-taglibs\5.8.0\spring-security-taglibs-5.8.0.jar;C:\Users\1950x\.m2\repository\org\springframework\security\spring-security-acl\5.8.0\spring-security-acl-5.8.0.jar;C:\Users\1950x\.m2\repository\org\aspectj\aspectjrt\1.9.9.1\aspectjrt-1.9.9.1.jar;C:\Users\1950x\.m2\repository\org\apache\logging\log4j\log4j-core\2.19.0\log4j-core-2.19.0.jar;C:\Users\1950x\.m2\repository\org\apache\logging\log4j\log4j-api\2.19.0\log4j-api-2.19.0.jar;C:\Users\1950x\.m2\repository\org\apache\logging\log4j\log4j-slf4j2-impl\2.19.0\log4j-slf4j2-impl-2.19.0.jar;C:\Users\1950x\.m2\repository\org\slf4j\slf4j-api\2.0.0\slf4j-api-2.0.0.jar;C:\Users\1950x\.m2\repository\javax\servlet\javax.servlet-api\4.0.1\javax.servlet-api-4.0.1.jar;C:\Users\1950x\.m2\repository\javax\servlet\jsp\javax.servlet.jsp-api\2.3.3\javax.servlet.jsp-api-2.3.3.jar;C:\Users\1950x\.m2\repository\javax\servlet\jstl\1.2\jstl-1.2.jar;C:\Users\1950x\.m2\repository\net\sargue\java-time-jsptags\1.1.4\java-time-jsptags-1.1.4.jar;C:\Users\1950x\.m2\repository\org\hibernate\hibernate-core\5.6.14.Final\hibernate-core-5.6.14.Final.jar;C:\Users\1950x\.m2\repository\org\jboss\logging\jboss-logging\3.4.3.Final\jboss-logging-3.4.3.Final.jar;C:\Users\1950x\.m2\repository\javax\persistence\javax.persistence-api\2.2\javax.persistence-api-2.2.jar;C:\Users\1950x\.m2\repository\net\bytebuddy\byte-buddy\1.12.18\byte-buddy-1.12.18.jar;C:\Users\1950x\.m2\repository\antlr\antlr\2.7.7\antlr-2.7.7.jar;C:\Users\1950x\.m2\repository\org\jboss\spec\javax\transaction\jboss-transaction-api_1.2_spec\1.1.1.Final\jboss-transaction-api_1.2_spec-1.1.1.Final.jar;C:\Users\1950x\.m2\repository\org\jboss\jandex\2.4.2.Final\jandex-2.4.2.Final.jar;C:\Users\1950x\.m2\repository\com\fasterxml\classmate\1.5.1\classmate-1.5.1.jar;C:\Users\1950x\.m2\repository\javax\activation\javax.activation-api\1.2.0\javax.activation-api-1.2.0.jar;C:\Users\1950x\.m2\repository\org\hibernate\common\hibernate-commons-annotations\5.1.2.Final\hibernate-commons-annotations-5.1.2.Final.jar;C:\Users\1950x\.m2\repository\javax\xml\bind\jaxb-api\2.3.1\jaxb-api-2.3.1.jar;C:\Users\1950x\.m2\repository\org\glassfish\jaxb\jaxb-runtime\2.3.1\jaxb-runtime-2.3.1.jar;C:\Users\1950x\.m2\repository\org\glassfish\jaxb\txw2\2.3.1\txw2-2.3.1.jar;C:\Users\1950x\.m2\repository\com\sun\istack\istack-commons-runtime\3.0.7\istack-commons-runtime-3.0.7.jar;C:\Users\1950x\.m2\repository\org\jvnet\staxex\stax-ex\1.8\stax-ex-1.8.jar;C:\Users\1950x\.m2\repository\com\sun\xml\fastinfoset\FastInfoset\1.2.15\FastInfoset-1.2.15.jar;C:\Users\1950x\.m2\repository\org\hibernate\hibernate-jpamodelgen\5.6.14.Final\hibernate-jpamodelgen-5.6.14.Final.jar;C:\Users\1950x\.m2\repository\org\springframework\data\spring-data-jpa\2.7.6\spring-data-jpa-2.7.6.jar;C:\Users\1950x\.m2\repository\org\springframework\data\spring-data-commons\2.7.6\spring-data-commons-2.7.6.jar;C:\Users\1950x\.m2\repository\com\querydsl\querydsl-jpa\5.0.0\querydsl-jpa-5.0.0.jar;C:\Users\1950x\.m2\repository\com\querydsl\querydsl-core\5.0.0\querydsl-core-5.0.0.jar;C:\Users\1950x\.m2\repository\com\mysema\commons\mysema-commons-lang\0.2.4\mysema-commons-lang-0.2.4.jar;C:\Users\1950x\.m2\repository\com\querydsl\querydsl-codegen\5.0.0\querydsl-codegen-5.0.0.jar;C:\Users\1950x\.m2\repository\com\querydsl\codegen-utils\5.0.0\codegen-utils-5.0.0.jar;C:\Users\1950x\.m2\repository\org\eclipse\jdt\ecj\3.26.0\ecj-3.26.0.jar;C:\Users\1950x\.m2\repository\javax\inject\javax.inject\1\javax.inject-1.jar;C:\Users\1950x\.m2\repository\io\github\classgraph\classgraph\4.8.108\classgraph-4.8.108.jar;C:\Users\1950x\.m2\repository\com\querydsl\querydsl-apt\5.0.0\querydsl-apt-5.0.0.jar;C:\Users\1950x\.m2\repository\com\zaxxer\HikariCP\5.0.1\HikariCP-5.0.1.jar;C:\Users\1950x\.m2\repository\com\google\code\gson\gson\2.10\gson-2.10.jar;C:\Users\1950x\.m2\repository\net\coobird\thumbnailator\0.4.18\thumbnailator-0.4.18.jar;C:\Users\1950x\.m2\repository\org\projectlombok\lombok\1.18.24\lombok-1.18.24.jar; -sourcepath C:\git\learning-spring-web-project-by-code\part-last\my-board-spring5\src\main\java;C:\git\learning-spring-web-project-by-code\part-last\my-board-spring5\target\generated-sources\annotations; -s C:\git\learning-spring-web-project-by-code\part-last\my-board-spring5\target\generated-sources\annotations -processor lombok.launch.AnnotationProcessorHider$AnnotationProcessor,org.hibernate.jpamodelgen.JPAMetaModelEntityProcessor,com.querydsl.apt.jpa.JPAAnnotationProcessor -g -deprecation -target 17 -source 17 -encoding UTF-8 -Xlint:all -Xlint:-processing -Xlint:-path
[DEBUG] incrementalBuildHelper#beforeRebuildExecution
[INFO] Compiling 47 source files to C:\git\learning-spring-web-project-by-code\part-last\my-board-spring5\target\classes
[DEBUG] incrementalBuildHelper#afterRebuildExecution
[INFO] Hibernate JPA 2 Static-Metamodel Generator 5.6.14.Final
[WARNING] Cannot find annotation method 'from()' in type 'org.jetbrains.annotations.Range': class file for org.jetbrains.annotations.Range not found
[WARNING] Cannot find annotation method 'to()' in type 'org.jetbrains.annotations.Range'
[WARNING] Cannot find annotation method 'from()' in type 'org.jetbrains.annotations.Range'
[WARNING] Cannot find annotation method 'to()' in type 'org.jetbrains.annotations.Range'
[WARNING] Cannot find annotation method 'from()' in type 'org.jetbrains.annotations.Range': class file for org.jetbrains.annotations.Range not found
[WARNING] Cannot find annotation method 'to()' in type 'org.jetbrains.annotations.Range'
[WARNING] Cannot find annotation method 'from()' in type 'org.jetbrains.annotations.Range'
[WARNING] Cannot find annotation method 'to()' in type 'org.jetbrains.annotations.Range'
[WARNING] Cannot find annotation method 'from()' in type 'org.jetbrains.annotations.Range': class file for org.jetbrains.annotations.Range not found
[WARNING] Cannot find annotation method 'to()' in type 'org.jetbrains.annotations.Range'
[WARNING] Cannot find annotation method 'from()' in type 'org.jetbrains.annotations.Range'
[WARNING] Cannot find annotation method 'to()' in type 'org.jetbrains.annotations.Range'
[WARNING] Cannot find annotation method 'from()' in type 'org.jetbrains.annotations.Range': class file for org.jetbrains.annotations.Range not found
[WARNING] Cannot find annotation method 'to()' in type 'org.jetbrains.annotations.Range'
[WARNING] Cannot find annotation method 'from()' in type 'org.jetbrains.annotations.Range'
[WARNING] Cannot find annotation method 'to()' in type 'org.jetbrains.annotations.Range'
[WARNING] Cannot find annotation method 'from()' in type 'org.jetbrains.annotations.Range': class file for org.jetbrains.annotations.Range not found
[WARNING] Cannot find annotation method 'to()' in type 'org.jetbrains.annotations.Range'
[WARNING] Cannot find annotation method 'from()' in type 'org.jetbrains.annotations.Range'
[WARNING] Cannot find annotation method 'to()' in type 'org.jetbrains.annotations.Range'
[WARNING] Cannot find annotation method 'from()' in type 'org.jetbrains.annotations.Range': class file for org.jetbrains.annotations.Range not found
[WARNING] Cannot find annotation method 'to()' in type 'org.jetbrains.annotations.Range'
[WARNING] Cannot find annotation method 'from()' in type 'org.jetbrains.annotations.Range'
[WARNING] Cannot find annotation method 'to()' in type 'org.jetbrains.annotations.Range'
[WARNING] Cannot find annotation method 'from()' in type 'org.jetbrains.annotations.Range'
[WARNING] Cannot find annotation method 'to()' in type 'org.jetbrains.annotations.Range'
[WARNING] Cannot find annotation method 'from()' in type 'org.jetbrains.annotations.Range'
[WARNING] Cannot find annotation method 'to()' in type 'org.jetbrains.annotations.Range'
[WARNING] Cannot find annotation method 'from()' in type 'org.jetbrains.annotations.Range'
[WARNING] Cannot find annotation method 'to()' in type 'org.jetbrains.annotations.Range'
[WARNING] Cannot find annotation method 'from()' in type 'org.jetbrains.annotations.Range'
[WARNING] Cannot find annotation method 'to()' in type 'org.jetbrains.annotations.Range'
[WARNING] Cannot find annotation method 'from()' in type 'org.jetbrains.annotations.Range'
[WARNING] Cannot find annotation method 'to()' in type 'org.jetbrains.annotations.Range'
[WARNING] Cannot find annotation method 'from()' in type 'org.jetbrains.annotations.Range'
[WARNING] Cannot find annotation method 'to()' in type 'org.jetbrains.annotations.Range'
[INFO] ------------------------------------------------------------------------
[INFO] BUILD SUCCESS
[INFO] ------------------------------------------------------------------------
[INFO] Total time:  5.755 s
[INFO] Finished at: 2022-12-09T16:04:56+09:00
[INFO] ------------------------------------------------------------------------
